2024-11-19 08:11:28,253 - INFO - Downloading required NLTK data...
2024-11-19 08:11:28,431 - INFO - NLTK data downloaded.
2024-11-19 08:11:28,432 - INFO - Ensured directory exists: pdfs
2024-11-19 08:11:28,433 - INFO - Ensured directory exists: cache
2024-11-19 08:11:28,433 - INFO - Loading spaCy model...
2024-11-19 08:11:33,446 - INFO - TeX file selected: C:/Users/cgatt/OneDrive/Desktop/Reference Tooling/demo.tex
2024-11-19 08:11:35,789 - INFO - BibTeX file selected: C:/Users/cgatt/OneDrive/Desktop/Reference Tooling/demo.bib
2024-11-19 08:11:36,337 - INFO - Starting processing in a new thread...
2024-11-19 08:11:36,339 - INFO - Starting document processing...
2024-11-19 08:11:36,347 - INFO - Parsing TeX document: C:/Users/cgatt/OneDrive/Desktop/Reference Tooling/demo.tex
2024-11-19 08:11:36,348 - INFO - Extracted citations: set()
2024-11-19 08:11:36,352 - INFO - Parsing BibTeX file: C:/Users/cgatt/OneDrive/Desktop/Reference Tooling/demo.bib
2024-11-19 08:11:36,357 - INFO - Writing updated BibTeX file...
2024-11-19 08:11:36,363 - INFO - Validating final document...
2024-11-19 08:11:37,305 - INFO - Document processing completed successfully.
2024-11-19 08:27:30,877 - INFO - Downloading required NLTK data...
2024-11-19 08:27:31,063 - INFO - NLTK data downloaded.
2024-11-19 08:27:31,065 - INFO - Ensured directory exists: pdfs
2024-11-19 08:27:31,065 - INFO - Ensured directory exists: cache
2024-11-19 08:27:31,065 - INFO - Loading spaCy model...
2024-11-19 08:27:38,650 - INFO - TeX file selected: C:/Users/cgatt/OneDrive/Desktop/Reference Tooling/demo.tex
2024-11-19 08:27:40,372 - INFO - BibTeX file selected: C:/Users/cgatt/OneDrive/Desktop/Reference Tooling/demo.bib
2024-11-19 08:27:41,168 - INFO - Starting processing in a new thread...
2024-11-19 08:27:41,170 - INFO - Starting document processing...
2024-11-19 08:27:41,174 - INFO - Parsing TeX document: C:/Users/cgatt/OneDrive/Desktop/Reference Tooling/demo.tex
2024-11-19 08:27:41,174 - INFO - Extracted citations: set()
2024-11-19 08:27:41,182 - INFO - Parsing BibTeX file: C:/Users/cgatt/OneDrive/Desktop/Reference Tooling/demo.bib
2024-11-19 08:27:41,185 - INFO - Writing updated BibTeX file...
2024-11-19 08:27:41,190 - INFO - Validating final document...
2024-11-19 08:27:42,216 - INFO - Document processing completed successfully.
2024-11-19 08:33:16,183 - INFO - Downloading required NLTK data...
2024-11-19 08:33:16,354 - INFO - NLTK data downloaded.
2024-11-19 08:33:16,355 - INFO - Ensured directory exists: pdfs
2024-11-19 08:33:16,356 - INFO - Ensured directory exists: cache
2024-11-19 08:33:16,356 - INFO - Loading spaCy model...
2024-11-19 08:33:22,858 - INFO - TeX file selected: C:/Users/cgatt/OneDrive/Desktop/Reference Tooling/demo.tex
2024-11-19 08:33:25,561 - INFO - BibTeX file selected: C:/Users/cgatt/OneDrive/Desktop/Reference Tooling/demo.bib
2024-11-19 08:33:26,383 - INFO - Starting processing in a new thread...
2024-11-19 08:33:26,383 - INFO - Starting document processing...
2024-11-19 08:33:26,391 - INFO - Parsing TeX document: C:/Users/cgatt/OneDrive/Desktop/Reference Tooling/demo.tex
2024-11-19 08:33:26,393 - INFO - Extracted citations: set()
2024-11-19 08:33:26,395 - INFO - Parsing BibTeX file: C:/Users/cgatt/OneDrive/Desktop/Reference Tooling/demo.bib
2024-11-19 08:33:26,399 - INFO - Writing updated BibTeX file...
2024-11-19 08:33:26,404 - INFO - Validating final document...
2024-11-19 08:33:27,314 - INFO - Document processing completed successfully.
2024-11-19 08:33:45,313 - INFO - Downloading required NLTK data...
2024-11-19 08:33:45,491 - INFO - NLTK data downloaded.
2024-11-19 08:33:45,491 - INFO - Ensured directory exists: pdfs
2024-11-19 08:33:45,491 - INFO - Ensured directory exists: cache
2024-11-19 08:33:45,491 - INFO - Loading spaCy model...
2024-11-19 08:33:50,417 - INFO - TeX file selected: C:/Users/cgatt/OneDrive/Desktop/Reference Tooling/demo.tex
2024-11-19 08:33:51,712 - INFO - BibTeX file selected: C:/Users/cgatt/OneDrive/Desktop/Reference Tooling/demo.bib
2024-11-19 08:33:51,890 - INFO - Starting processing in a new thread...
2024-11-19 08:33:51,891 - INFO - Starting document processing...
2024-11-19 08:33:51,895 - INFO - Parsing TeX document: C:/Users/cgatt/OneDrive/Desktop/Reference Tooling/demo.tex
2024-11-19 08:33:51,895 - INFO - Extracted citations: set()
2024-11-19 08:33:51,901 - INFO - Parsing BibTeX file: C:/Users/cgatt/OneDrive/Desktop/Reference Tooling/demo.bib
2024-11-19 08:33:51,903 - INFO - Writing updated BibTeX file...
2024-11-19 08:33:51,908 - INFO - Validating final document...
2024-11-19 08:33:52,858 - INFO - Document processing completed successfully.
2024-11-19 08:37:07,152 - INFO - Downloading required NLTK data...
2024-11-19 08:37:07,376 - INFO - NLTK data downloaded.
2024-11-19 08:37:07,377 - INFO - Ensured directory exists: pdfs
2024-11-19 08:37:07,377 - INFO - Ensured directory exists: cache
2024-11-19 08:37:07,377 - INFO - Loading spaCy model...
2024-11-19 08:37:12,583 - ERROR - Processing failed: Both .tex and .bib files must be selected.
2024-11-19 08:37:39,383 - INFO - TeX file selected: C:/Users/cgatt/OneDrive/Desktop/Reference Tooling/demo.tex
2024-11-19 08:37:41,382 - INFO - BibTeX file selected: C:/Users/cgatt/OneDrive/Desktop/Reference Tooling/demo.bib
2024-11-19 08:37:41,924 - INFO - Starting processing in a new thread...
2024-11-19 08:37:41,927 - INFO - Starting document processing...
2024-11-19 08:37:41,935 - INFO - Parsing TeX document: C:/Users/cgatt/OneDrive/Desktop/Reference Tooling/demo.tex
2024-11-19 08:37:41,936 - INFO - Extracted citations: set()
2024-11-19 08:37:41,940 - INFO - Parsing BibTeX file: C:/Users/cgatt/OneDrive/Desktop/Reference Tooling/demo.bib
2024-11-19 08:37:41,945 - INFO - Writing updated BibTeX file...
2024-11-19 08:37:41,951 - INFO - Validating final document...
2024-11-19 08:37:42,915 - INFO - Document processing completed successfully.
